This file contains any messages produced by compilers while
running configure, to aid debugging if configure makes a mistake.

It was created by spatialindex configure 1.9.0, which was
generated by GNU Autoconf 2.69.  Invocation command line was

  $ ./configure 

## --------- ##
## Platform. ##
## --------- ##

hostname = severin-Z370M-D3H
uname -m = x86_64
uname -r = 4.15.0-44-generic
uname -s = Linux
uname -v = #47-Ubuntu SMP Mon Jan 14 11:26:59 UTC 2019

/usr/bin/uname -p = unknown
/bin/uname -X     = unknown

/bin/arch              = unknown
/usr/bin/arch -k       = unknown
/usr/convex/getsysinfo = unknown
/usr/bin/hostinfo      = unknown
/bin/machine           = unknown
/usr/bin/oslevel       = unknown
/bin/universe          = unknown

PATH: /home/severin/.local/bin
PATH: ~/.local/bin
PATH: /usr/local/sbin
PATH: /usr/local/bin
PATH: /usr/sbin
PATH: /usr/bin
PATH: /sbin
PATH: /bin
PATH: /usr/games
PATH: /usr/local/games
PATH: /snap/bin


## ----------- ##
## Core tests. ##
## ----------- ##

configure:2399: checking build system type
configure:2413: result: x86_64-pc-linux-gnu
configure:2499: checking for g++
configure:2515: found /usr/bin/g++
configure:2526: result: g++
configure:2553: checking for C++ compiler version
configure:2562: g++ --version >&5
g++ (Ubuntu 7.3.0-27ubuntu1~18.04) 7.3.0
Copyright (C) 2017 Free Software Foundation, Inc.
This is free software; see the source for copying conditions.  There is NO
warranty; not even for MERCHANTABILITY or FITNESS FOR A PARTICULAR PURPOSE.

configure:2573: $? = 0
configure:2562: g++ -v >&5
Using built-in specs.
COLLECT_GCC=g++
COLLECT_LTO_WRAPPER=/usr/lib/gcc/x86_64-linux-gnu/7/lto-wrapper
OFFLOAD_TARGET_NAMES=nvptx-none
OFFLOAD_TARGET_DEFAULT=1
Target: x86_64-linux-gnu
Configured with: ../src/configure -v --with-pkgversion='Ubuntu 7.3.0-27ubuntu1~18.04' --with-bugurl=file:///usr/share/doc/gcc-7/README.Bugs --enable-languages=c,ada,c++,go,brig,d,fortran,objc,obj-c++ --prefix=/usr --with-gcc-major-version-only --program-suffix=-7 --program-prefix=x86_64-linux-gnu- --enable-shared --enable-linker-build-id --libexecdir=/usr/lib --without-included-gettext --enable-threads=posix --libdir=/usr/lib --enable-nls --with-sysroot=/ --enable-clocale=gnu --enable-libstdcxx-debug --enable-libstdcxx-time=yes --with-default-libstdcxx-abi=new --enable-gnu-unique-object --disable-vtable-verify --enable-libmpx --enable-plugin --enable-default-pie --with-system-zlib --with-target-system-zlib --enable-objc-gc=auto --enable-multiarch --disable-werror --with-arch-32=i686 --with-abi=m64 --with-multilib-list=m32,m64,mx32 --enable-multilib --with-tune=generic --enable-offload-targets=nvptx-none --without-cuda-driver --enable-checking=release --build=x86_64-linux-gnu --host=x86_64-linux-gnu --target=x86_64-linux-gnu
Thread model: posix
gcc version 7.3.0 (Ubuntu 7.3.0-27ubuntu1~18.04) 
configure:2573: $? = 0
configure:2562: g++ -V >&5
g++: error: unrecognized command line option '-V'
g++: fatal error: no input files
compilation terminated.
configure:2573: $? = 1
configure:2562: g++ -qversion >&5
g++: error: unrecognized command line option '-qversion'; did you mean '--version'?
g++: fatal error: no input files
compilation terminated.
configure:2573: $? = 1
configure:2593: checking whether the C++ compiler works
configure:2615: g++ -Wall -Wno-long-long -pedantic -std=c++11    conftest.cpp  >&5
configure:2619: $? = 0
configure:2667: result: yes
configure:2670: checking for C++ compiler default output file name
configure:2672: result: a.out
configure:2678: checking for suffix of executables
configure:2685: g++ -o conftest -Wall -Wno-long-long -pedantic -std=c++11    conftest.cpp  >&5
configure:2689: $? = 0
configure:2711: result: 
configure:2733: checking whether we are cross compiling
configure:2741: g++ -o conftest -Wall -Wno-long-long -pedantic -std=c++11    conftest.cpp  >&5
configure:2745: $? = 0
configure:2752: ./conftest
configure:2756: $? = 0
configure:2771: result: no
configure:2776: checking for suffix of object files
configure:2798: g++ -c -Wall -Wno-long-long -pedantic -std=c++11   conftest.cpp >&5
configure:2802: $? = 0
configure:2823: result: o
configure:2827: checking whether we are using the GNU C++ compiler
configure:2846: g++ -c -Wall -Wno-long-long -pedantic -std=c++11   conftest.cpp >&5
configure:2846: $? = 0
configure:2855: result: yes
configure:2864: checking whether g++ accepts -g
configure:2884: g++ -c -g  conftest.cpp >&5
configure:2884: $? = 0
configure:2925: result: yes
configure:2953: checking how to run the C++ preprocessor
configure:2980: g++ -E  conftest.cpp
configure:2980: $? = 0
configure:2994: g++ -E  conftest.cpp
conftest.cpp:9:10: fatal error: ac_nonexistent.h: No such file or directory
 #include <ac_nonexistent.h>
          ^~~~~~~~~~~~~~~~~~
compilation terminated.
configure:2994: $? = 1
configure: failed program was:
| /* confdefs.h */
| #define PACKAGE_NAME "spatialindex"
| #define PACKAGE_TARNAME "spatialindex-src"
| #define PACKAGE_VERSION "1.9.0"
| #define PACKAGE_STRING "spatialindex 1.9.0"
| #define PACKAGE_BUGREPORT "mhadji@gmail.com"
| #define PACKAGE_URL ""
| /* end confdefs.h.  */
| #include <ac_nonexistent.h>
configure:3019: result: g++ -E
configure:3039: g++ -E  conftest.cpp
configure:3039: $? = 0
configure:3053: g++ -E  conftest.cpp
conftest.cpp:9:10: fatal error: ac_nonexistent.h: No such file or directory
 #include <ac_nonexistent.h>
          ^~~~~~~~~~~~~~~~~~
compilation terminated.
configure:3053: $? = 1
configure: failed program was:
| /* confdefs.h */
| #define PACKAGE_NAME "spatialindex"
| #define PACKAGE_TARNAME "spatialindex-src"
| #define PACKAGE_VERSION "1.9.0"
| #define PACKAGE_STRING "spatialindex 1.9.0"
| #define PACKAGE_BUGREPORT "mhadji@gmail.com"
| #define PACKAGE_URL ""
| /* end confdefs.h.  */
| #include <ac_nonexistent.h>
configure:3095: checking for a BSD-compatible install
configure:3163: result: /usr/bin/install -c
configure:3174: checking whether ln -s works
configure:3178: result: yes
configure:3185: checking whether make sets $(MAKE)
configure:3207: result: yes
configure:3241: checking host system type
configure:3254: result: x86_64-pc-linux-gnu
configure:3295: checking how to print strings
configure:3322: result: printf
configure:3394: checking for gcc
configure:3410: found /usr/bin/gcc
configure:3421: result: gcc
configure:3650: checking for C compiler version
configure:3659: gcc --version >&5
gcc (Ubuntu 7.3.0-27ubuntu1~18.04) 7.3.0
Copyright (C) 2017 Free Software Foundation, Inc.
This is free software; see the source for copying conditions.  There is NO
warranty; not even for MERCHANTABILITY or FITNESS FOR A PARTICULAR PURPOSE.

configure:3670: $? = 0
configure:3659: gcc -v >&5
Using built-in specs.
COLLECT_GCC=gcc
COLLECT_LTO_WRAPPER=/usr/lib/gcc/x86_64-linux-gnu/7/lto-wrapper
OFFLOAD_TARGET_NAMES=nvptx-none
OFFLOAD_TARGET_DEFAULT=1
Target: x86_64-linux-gnu
Configured with: ../src/configure -v --with-pkgversion='Ubuntu 7.3.0-27ubuntu1~18.04' --with-bugurl=file:///usr/share/doc/gcc-7/README.Bugs --enable-languages=c,ada,c++,go,brig,d,fortran,objc,obj-c++ --prefix=/usr --with-gcc-major-version-only --program-suffix=-7 --program-prefix=x86_64-linux-gnu- --enable-shared --enable-linker-build-id --libexecdir=/usr/lib --without-included-gettext --enable-threads=posix --libdir=/usr/lib --enable-nls --with-sysroot=/ --enable-clocale=gnu --enable-libstdcxx-debug --enable-libstdcxx-time=yes --with-default-libstdcxx-abi=new --enable-gnu-unique-object --disable-vtable-verify --enable-libmpx --enable-plugin --enable-default-pie --with-system-zlib --with-target-system-zlib --enable-objc-gc=auto --enable-multiarch --disable-werror --with-arch-32=i686 --with-abi=m64 --with-multilib-list=m32,m64,mx32 --enable-multilib --with-tune=generic --enable-offload-targets=nvptx-none --without-cuda-driver --enable-checking=release --build=x86_64-linux-gnu --host=x86_64-linux-gnu --target=x86_64-linux-gnu
Thread model: posix
gcc version 7.3.0 (Ubuntu 7.3.0-27ubuntu1~18.04) 
configure:3670: $? = 0
configure:3659: gcc -V >&5
gcc: error: unrecognized command line option '-V'
gcc: fatal error: no input files
compilation terminated.
configure:3670: $? = 1
configure:3659: gcc -qversion >&5
gcc: error: unrecognized command line option '-qversion'; did you mean '--version'?
gcc: fatal error: no input files
compilation terminated.
configure:3670: $? = 1
configure:3674: checking whether we are using the GNU C compiler
configure:3693: gcc -c -Wall -Wno-long-long -pedantic   conftest.c >&5
configure:3693: $? = 0
configure:3702: result: yes
configure:3711: checking whether gcc accepts -g
configure:3731: gcc -c -g  conftest.c >&5
configure:3731: $? = 0
configure:3772: result: yes
configure:3789: checking for gcc option to accept ISO C89
configure:3852: gcc  -c -Wall -Wno-long-long -pedantic   conftest.c >&5
configure:3852: $? = 0
configure:3865: result: none needed
configure:3890: checking whether gcc understands -c and -o together
configure:3912: gcc -c conftest.c -o conftest2.o
configure:3915: $? = 0
configure:3912: gcc -c conftest.c -o conftest2.o
configure:3915: $? = 0
configure:3927: result: yes
configure:3944: checking for a sed that does not truncate output
configure:4008: result: /bin/sed
configure:4026: checking for grep that handles long lines and -e
configure:4084: result: /bin/grep
configure:4089: checking for egrep
configure:4151: result: /bin/grep -E
configure:4156: checking for fgrep
configure:4218: result: /bin/grep -F
configure:4253: checking for ld used by gcc
configure:4320: result: /usr/bin/ld
configure:4327: checking if the linker (/usr/bin/ld) is GNU ld
configure:4342: result: yes
configure:4354: checking for BSD- or MS-compatible name lister (nm)
configure:4408: result: /usr/bin/nm -B
configure:4538: checking the name lister (/usr/bin/nm -B) interface
configure:4545: gcc -c -Wall -Wno-long-long -pedantic   conftest.c >&5
configure:4548: /usr/bin/nm -B "conftest.o"
configure:4551: output
0000000000000000 B some_variable
configure:4558: result: BSD nm
configure:4562: checking the maximum length of command line arguments
configure:4693: result: 1572864
configure:4741: checking how to convert x86_64-pc-linux-gnu file names to x86_64-pc-linux-gnu format
configure:4781: result: func_convert_file_noop
configure:4788: checking how to convert x86_64-pc-linux-gnu file names to toolchain format
configure:4808: result: func_convert_file_noop
configure:4815: checking for /usr/bin/ld option to reload object files
configure:4822: result: -r
configure:4896: checking for objdump
configure:4912: found /usr/bin/objdump
configure:4923: result: objdump
configure:4955: checking how to recognize dependent libraries
configure:5155: result: pass_all
configure:5240: checking for dlltool
configure:5270: result: no
configure:5300: checking how to associate runtime and link libraries
configure:5327: result: printf %s\n
configure:5388: checking for ar
configure:5404: found /usr/bin/ar
configure:5415: result: ar
configure:5452: checking for archiver @FILE support
configure:5469: gcc -c -Wall -Wno-long-long -pedantic   conftest.c >&5
configure:5469: $? = 0
configure:5472: ar cru libconftest.a @conftest.lst >&5
ar: `u' modifier ignored since `D' is the default (see `U')
configure:5475: $? = 0
configure:5480: ar cru libconftest.a @conftest.lst >&5
ar: `u' modifier ignored since `D' is the default (see `U')
ar: conftest.o: No such file or directory
configure:5483: $? = 1
configure:5495: result: @
configure:5553: checking for strip
configure:5569: found /usr/bin/strip
configure:5580: result: strip
configure:5652: checking for ranlib
configure:5668: found /usr/bin/ranlib
configure:5679: result: ranlib
configure:5756: checking for gawk
configure:5786: result: no
configure:5756: checking for mawk
configure:5772: found /usr/bin/mawk
configure:5783: result: mawk
configure:5823: checking command to parse /usr/bin/nm -B output from gcc object
configure:5976: gcc -c -Wall -Wno-long-long -pedantic   conftest.c >&5
configure:5979: $? = 0
configure:5983: /usr/bin/nm -B conftest.o \| sed -n -e 's/^.*[ ]\([ABCDGIRSTW][ABCDGIRSTW]*\)[ ][ ]*\([_A-Za-z][_A-Za-z0-9]*\)$/\1 \2 \2/p' | sed '/ __gnu_lto/d' \> conftest.nm
configure:5986: $? = 0
configure:6052: gcc -o conftest -Wall -Wno-long-long -pedantic    conftest.c conftstm.o >&5
conftest.c:29:20: warning: ISO C forbids conversion of function pointer to object pointer type [-Wpedantic]
   {"nm_test_func", (void *) &nm_test_func},
                    ^
configure:6055: $? = 0
configure:6093: result: ok
configure:6140: checking for sysroot
configure:6170: result: no
configure:6177: checking for a working dd
configure:6215: result: /bin/dd
configure:6219: checking how to truncate binary pipes
configure:6234: result: /bin/dd bs=4096 count=1
configure:6370: gcc -c -Wall -Wno-long-long -pedantic   conftest.c >&5
configure:6373: $? = 0
configure:6563: checking for mt
configure:6579: found /bin/mt
configure:6590: result: mt
configure:6613: checking if mt is a manifest tool
configure:6619: mt '-?'
configure:6627: result: no
configure:7304: checking how to run the C preprocessor
configure:7335: gcc -E  conftest.c
configure:7335: $? = 0
configure:7349: gcc -E  conftest.c
conftest.c:9:10: fatal error: ac_nonexistent.h: No such file or directory
 #include <ac_nonexistent.h>
          ^~~~~~~~~~~~~~~~~~
compilation terminated.
configure:7349: $? = 1
configure: failed program was:
| /* confdefs.h */
| #define PACKAGE_NAME "spatialindex"
| #define PACKAGE_TARNAME "spatialindex-src"
| #define PACKAGE_VERSION "1.9.0"
| #define PACKAGE_STRING "spatialindex 1.9.0"
| #define PACKAGE_BUGREPORT "mhadji@gmail.com"
| #define PACKAGE_URL ""
| /* end confdefs.h.  */
| #include <ac_nonexistent.h>
configure:7374: result: gcc -E
configure:7394: gcc -E  conftest.c
configure:7394: $? = 0
configure:7408: gcc -E  conftest.c
conftest.c:9:10: fatal error: ac_nonexistent.h: No such file or directory
 #include <ac_nonexistent.h>
          ^~~~~~~~~~~~~~~~~~
compilation terminated.
configure:7408: $? = 1
configure: failed program was:
| /* confdefs.h */
| #define PACKAGE_NAME "spatialindex"
| #define PACKAGE_TARNAME "spatialindex-src"
| #define PACKAGE_VERSION "1.9.0"
| #define PACKAGE_STRING "spatialindex 1.9.0"
| #define PACKAGE_BUGREPORT "mhadji@gmail.com"
| #define PACKAGE_URL ""
| /* end confdefs.h.  */
| #include <ac_nonexistent.h>
configure:7437: checking for ANSI C header files
configure:7457: gcc -c -Wall -Wno-long-long -pedantic   conftest.c >&5
configure:7457: $? = 0
configure:7530: gcc -o conftest -Wall -Wno-long-long -pedantic    conftest.c  >&5
configure:7530: $? = 0
configure:7530: ./conftest
configure:7530: $? = 0
configure:7541: result: yes
configure:7554: checking for sys/types.h
configure:7554: gcc -c -Wall -Wno-long-long -pedantic   conftest.c >&5
configure:7554: $? = 0
configure:7554: result: yes
configure:7554: checking for sys/stat.h
configure:7554: gcc -c -Wall -Wno-long-long -pedantic   conftest.c >&5
configure:7554: $? = 0
configure:7554: result: yes
configure:7554: checking for stdlib.h
configure:7554: gcc -c -Wall -Wno-long-long -pedantic   conftest.c >&5
configure:7554: $? = 0
configure:7554: result: yes
configure:7554: checking for string.h
configure:7554: gcc -c -Wall -Wno-long-long -pedantic   conftest.c >&5
configure:7554: $? = 0
configure:7554: result: yes
configure:7554: checking for memory.h
configure:7554: gcc -c -Wall -Wno-long-long -pedantic   conftest.c >&5
configure:7554: $? = 0
configure:7554: result: yes
configure:7554: checking for strings.h
configure:7554: gcc -c -Wall -Wno-long-long -pedantic   conftest.c >&5
configure:7554: $? = 0
configure:7554: result: yes
configure:7554: checking for inttypes.h
configure:7554: gcc -c -Wall -Wno-long-long -pedantic   conftest.c >&5
configure:7554: $? = 0
configure:7554: result: yes
configure:7554: checking for stdint.h
configure:7554: gcc -c -Wall -Wno-long-long -pedantic   conftest.c >&5
configure:7554: $? = 0
configure:7554: result: yes
configure:7554: checking for unistd.h
configure:7554: gcc -c -Wall -Wno-long-long -pedantic   conftest.c >&5
configure:7554: $? = 0
configure:7554: result: yes
configure:7568: checking for dlfcn.h
configure:7568: gcc -c -Wall -Wno-long-long -pedantic   conftest.c >&5
configure:7568: $? = 0
configure:7568: result: yes
configure:7835: checking for objdir
configure:7850: result: .libs
configure:8110: checking if gcc supports -fno-rtti -fno-exceptions
configure:8128: gcc -c -Wall -Wno-long-long -pedantic   -fno-rtti -fno-exceptions conftest.c >&5
cc1: warning: command line option '-fno-rtti' is valid for C++/ObjC++ but not for C
configure:8132: $? = 0
configure:8145: result: no
configure:8503: checking for gcc option to produce PIC
configure:8510: result: -fPIC -DPIC
configure:8518: checking if gcc PIC flag -fPIC -DPIC works
configure:8536: gcc -c -Wall -Wno-long-long -pedantic   -fPIC -DPIC -DPIC conftest.c >&5
configure:8540: $? = 0
configure:8553: result: yes
configure:8582: checking if gcc static flag -static works
configure:8610: result: yes
configure:8625: checking if gcc supports -c -o file.o
configure:8646: gcc -c -Wall -Wno-long-long -pedantic   -o out/conftest2.o conftest.c >&5
configure:8650: $? = 0
configure:8672: result: yes
configure:8680: checking if gcc supports -c -o file.o
configure:8727: result: yes
configure:8760: checking whether the gcc linker (/usr/bin/ld -m elf_x86_64) supports shared libraries
configure:10023: result: yes
configure:10060: checking whether -lc should be explicitly linked in
configure:10068: gcc -c -Wall -Wno-long-long -pedantic   conftest.c >&5
configure:10071: $? = 0
configure:10086: gcc -shared  -fPIC -DPIC conftest.o  -v -Wl,-soname -Wl,conftest -o conftest 2\>\&1 \| /bin/grep  -lc  \>/dev/null 2\>\&1
configure:10089: $? = 0
configure:10103: result: no
configure:10263: checking dynamic linker characteristics
configure:10844: gcc -o conftest -Wall -Wno-long-long -pedantic    -Wl,-rpath -Wl,/foo conftest.c  >&5
configure:10844: $? = 0
configure:11093: result: GNU/Linux ld.so
configure:11215: checking how to hardcode library paths into programs
configure:11240: result: immediate
configure:11788: checking whether stripping libraries is possible
configure:11793: result: yes
configure:11828: checking if libtool supports shared libraries
configure:11830: result: yes
configure:11833: checking whether to build shared libraries
configure:11858: result: yes
configure:11861: checking whether to build static libraries
configure:11865: result: yes
configure:11888: checking how to run the C++ preprocessor
configure:11954: result: g++ -E
configure:11974: g++ -E  conftest.cpp
configure:11974: $? = 0
configure:11988: g++ -E  conftest.cpp
conftest.cpp:21:10: fatal error: ac_nonexistent.h: No such file or directory
 #include <ac_nonexistent.h>
          ^~~~~~~~~~~~~~~~~~
compilation terminated.
configure:11988: $? = 1
configure: failed program was:
| /* confdefs.h */
| #define PACKAGE_NAME "spatialindex"
| #define PACKAGE_TARNAME "spatialindex-src"
| #define PACKAGE_VERSION "1.9.0"
| #define PACKAGE_STRING "spatialindex 1.9.0"
| #define PACKAGE_BUGREPORT "mhadji@gmail.com"
| #define PACKAGE_URL ""
| #define STDC_HEADERS 1
| #define HAVE_SYS_TYPES_H 1
| #define HAVE_SYS_STAT_H 1
| #define HAVE_STDLIB_H 1
| #define HAVE_STRING_H 1
| #define HAVE_MEMORY_H 1
| #define HAVE_STRINGS_H 1
| #define HAVE_INTTYPES_H 1
| #define HAVE_STDINT_H 1
| #define HAVE_UNISTD_H 1
| #define HAVE_DLFCN_H 1
| #define LT_OBJDIR ".libs/"
| /* end confdefs.h.  */
| #include <ac_nonexistent.h>
configure:12150: checking for ld used by g++
configure:12217: result: /usr/bin/ld -m elf_x86_64
configure:12224: checking if the linker (/usr/bin/ld -m elf_x86_64) is GNU ld
configure:12239: result: yes
configure:12294: checking whether the g++ linker (/usr/bin/ld -m elf_x86_64) supports shared libraries
configure:13367: result: yes
configure:13403: g++ -c -Wall -Wno-long-long -pedantic -std=c++11   conftest.cpp >&5
configure:13406: $? = 0
configure:13887: checking for g++ option to produce PIC
configure:13894: result: -fPIC -DPIC
configure:13902: checking if g++ PIC flag -fPIC -DPIC works
configure:13920: g++ -c -Wall -Wno-long-long -pedantic -std=c++11   -fPIC -DPIC -DPIC conftest.cpp >&5
configure:13924: $? = 0
configure:13937: result: yes
configure:13960: checking if g++ static flag -static works
configure:13988: result: yes
configure:14000: checking if g++ supports -c -o file.o
configure:14021: g++ -c -Wall -Wno-long-long -pedantic -std=c++11   -o out/conftest2.o conftest.cpp >&5
configure:14025: $? = 0
configure:14047: result: yes
configure:14052: checking if g++ supports -c -o file.o
configure:14099: result: yes
configure:14129: checking whether the g++ linker (/usr/bin/ld -m elf_x86_64) supports shared libraries
configure:14172: result: yes
configure:14313: checking dynamic linker characteristics
configure:15070: result: GNU/Linux ld.so
configure:15135: checking how to hardcode library paths into programs
configure:15160: result: immediate
configure:15223: checking whether build environment is sane
configure:15278: result: yes
configure:15426: checking for a thread-safe mkdir -p
configure:15465: result: /bin/mkdir -p
configure:15489: checking for style of include used by make
configure:15517: result: GNU
configure:15551: checking whether make supports nested variables
configure:15568: result: yes
configure:15653: checking dependency style of gcc
configure:15764: result: gcc3
configure:15781: checking dependency style of g++
configure:15892: result: gcc3
configure:15954: checking fcntl.h usability
configure:15954: gcc -c -Wall -Wno-long-long -pedantic   conftest.c >&5
configure:15954: $? = 0
configure:15954: result: yes
configure:15954: checking fcntl.h presence
configure:15954: gcc -E  conftest.c
configure:15954: $? = 0
configure:15954: result: yes
configure:15954: checking for fcntl.h
configure:15954: result: yes
configure:15968: checking for unistd.h
configure:15968: result: yes
configure:15982: checking for sys/types.h
configure:15982: result: yes
configure:15996: checking for sys/stat.h
configure:15996: result: yes
configure:16010: checking sys/resource.h usability
configure:16010: gcc -c -Wall -Wno-long-long -pedantic   conftest.c >&5
configure:16010: $? = 0
configure:16010: result: yes
configure:16010: checking sys/resource.h presence
configure:16010: gcc -E  conftest.c
configure:16010: $? = 0
configure:16010: result: yes
configure:16010: checking for sys/resource.h
configure:16010: result: yes
configure:16024: checking sys/time.h usability
configure:16024: gcc -c -Wall -Wno-long-long -pedantic   conftest.c >&5
configure:16024: $? = 0
configure:16024: result: yes
configure:16024: checking sys/time.h presence
configure:16024: gcc -E  conftest.c
configure:16024: $? = 0
configure:16024: result: yes
configure:16024: checking for sys/time.h
configure:16024: result: yes
configure:16038: checking for stdint.h
configure:16038: result: yes
configure:16052: checking features.h usability
configure:16052: gcc -c -Wall -Wno-long-long -pedantic   conftest.c >&5
configure:16052: $? = 0
configure:16052: result: yes
configure:16052: checking features.h presence
configure:16052: gcc -E  conftest.c
configure:16052: $? = 0
configure:16052: result: yes
configure:16052: checking for features.h
configure:16052: result: yes
configure:16081: result: checking wether debug information is enabled... no
configure:16089: checking for gettimeofday
configure:16089: gcc -o conftest -Wall -Wno-long-long -pedantic    conftest.c  >&5
configure:16089: $? = 0
configure:16089: result: yes
configure:16089: checking for memset
configure:16089: gcc -o conftest -Wall -Wno-long-long -pedantic    conftest.c  >&5
conftest.c:55:6: warning: conflicting types for built-in function 'memset' [-Wbuiltin-declaration-mismatch]
 char memset ();
      ^~~~~~
configure:16089: $? = 0
configure:16089: result: yes
configure:16089: checking for memcpy
configure:16089: gcc -o conftest -Wall -Wno-long-long -pedantic    conftest.c  >&5
conftest.c:56:6: warning: conflicting types for built-in function 'memcpy' [-Wbuiltin-declaration-mismatch]
 char memcpy ();
      ^~~~~~
configure:16089: $? = 0
configure:16089: result: yes
configure:16089: checking for bcopy
configure:16089: gcc -o conftest -Wall -Wno-long-long -pedantic    conftest.c  >&5
conftest.c:57:6: warning: conflicting types for built-in function 'bcopy' [-Wbuiltin-declaration-mismatch]
 char bcopy ();
      ^~~~~
configure:16089: $? = 0
configure:16089: result: yes
configure:16089: checking for srand48
configure:16089: gcc -o conftest -Wall -Wno-long-long -pedantic    conftest.c  >&5
configure:16089: $? = 0
configure:16089: result: yes
configure:16262: checking that generated files are newer than configure
configure:16268: result: done
configure:16299: creating ./config.status

## ---------------------- ##
## Running config.status. ##
## ---------------------- ##

This file was extended by spatialindex config.status 1.9.0, which was
generated by GNU Autoconf 2.69.  Invocation command line was

  CONFIG_FILES    = 
  CONFIG_HEADERS  = 
  CONFIG_LINKS    = 
  CONFIG_COMMANDS = 
  $ ./config.status 

on severin-Z370M-D3H

config.status:1090: creating Makefile
config.status:1090: creating include/Makefile
config.status:1090: creating src/Makefile
config.status:1090: creating src/libspatialindex.pc
config.status:1090: creating src/capi/Makefile
config.status:1090: creating src/spatialindex/Makefile
config.status:1090: creating src/storagemanager/Makefile
config.status:1090: creating src/rtree/Makefile
config.status:1090: creating src/mvrtree/Makefile
config.status:1090: creating src/tprtree/Makefile
config.status:1090: creating src/tools/Makefile
config.status:1090: creating test/Makefile
config.status:1090: creating test/geometry/Makefile
config.status:1090: creating test/rtree/Makefile
config.status:1090: creating test/mvrtree/Makefile
config.status:1090: creating test/tprtree/Makefile
config.status:1090: creating test/gtest/Makefile
config.status:1262: executing libtool commands
config.status:1262: executing depfiles commands
configure:18601: === configuring in test/gtest/gtest-1.7.0/ (/home/severin/git/rtree_with_lib/builded/libspatialindex/test/gtest/gtest-1.7.0/)
configure:18664: running /bin/bash ./configure --disable-option-checking '--prefix=/usr/local'  --cache-file=/dev/null --srcdir=.

## ---------------- ##
## Cache variables. ##
## ---------------- ##

ac_cv_build=x86_64-pc-linux-gnu
ac_cv_c_compiler_gnu=yes
ac_cv_cxx_compiler_gnu=yes
ac_cv_env_CCC_set=
ac_cv_env_CCC_value=
ac_cv_env_CC_set=
ac_cv_env_CC_value=
ac_cv_env_CFLAGS_set=
ac_cv_env_CFLAGS_value=
ac_cv_env_CPPFLAGS_set=
ac_cv_env_CPPFLAGS_value=
ac_cv_env_CPP_set=
ac_cv_env_CPP_value=
ac_cv_env_CXXCPP_set=
ac_cv_env_CXXCPP_value=
ac_cv_env_CXXFLAGS_set=
ac_cv_env_CXXFLAGS_value=
ac_cv_env_CXX_set=
ac_cv_env_CXX_value=
ac_cv_env_LDFLAGS_set=
ac_cv_env_LDFLAGS_value=
ac_cv_env_LIBS_set=
ac_cv_env_LIBS_value=
ac_cv_env_LT_SYS_LIBRARY_PATH_set=
ac_cv_env_LT_SYS_LIBRARY_PATH_value=
ac_cv_env_build_alias_set=
ac_cv_env_build_alias_value=
ac_cv_env_host_alias_set=
ac_cv_env_host_alias_value=
ac_cv_env_target_alias_set=
ac_cv_env_target_alias_value=
ac_cv_func_bcopy=yes
ac_cv_func_gettimeofday=yes
ac_cv_func_memcpy=yes
ac_cv_func_memset=yes
ac_cv_func_srand48=yes
ac_cv_header_dlfcn_h=yes
ac_cv_header_fcntl_h=yes
ac_cv_header_features_h=yes
ac_cv_header_inttypes_h=yes
ac_cv_header_memory_h=yes
ac_cv_header_stdc=yes
ac_cv_header_stdint_h=yes
ac_cv_header_stdlib_h=yes
ac_cv_header_string_h=yes
ac_cv_header_strings_h=yes
ac_cv_header_sys_resource_h=yes
ac_cv_header_sys_stat_h=yes
ac_cv_header_sys_time_h=yes
ac_cv_header_sys_types_h=yes
ac_cv_header_unistd_h=yes
ac_cv_host=x86_64-pc-linux-gnu
ac_cv_objext=o
ac_cv_path_EGREP='/bin/grep -E'
ac_cv_path_FGREP='/bin/grep -F'
ac_cv_path_GREP=/bin/grep
ac_cv_path_SED=/bin/sed
ac_cv_path_install='/usr/bin/install -c'
ac_cv_path_lt_DD=/bin/dd
ac_cv_path_mkdir=/bin/mkdir
ac_cv_prog_AWK=mawk
ac_cv_prog_CPP='gcc -E'
ac_cv_prog_CXXCPP='g++ -E'
ac_cv_prog_ac_ct_AR=ar
ac_cv_prog_ac_ct_CC=gcc
ac_cv_prog_ac_ct_CXX=g++
ac_cv_prog_ac_ct_MANIFEST_TOOL=mt
ac_cv_prog_ac_ct_OBJDUMP=objdump
ac_cv_prog_ac_ct_RANLIB=ranlib
ac_cv_prog_ac_ct_STRIP=strip
ac_cv_prog_cc_c89=
ac_cv_prog_cc_g=yes
ac_cv_prog_cxx_g=yes
ac_cv_prog_make_make_set=yes
am_cv_CC_dependencies_compiler_type=gcc3
am_cv_CXX_dependencies_compiler_type=gcc3
am_cv_make_support_nested_variables=yes
am_cv_prog_cc_c_o=yes
lt_cv_ar_at_file=@
lt_cv_archive_cmds_need_lc=no
lt_cv_deplibs_check_method=pass_all
lt_cv_file_magic_cmd='$MAGIC_CMD'
lt_cv_file_magic_test_file=
lt_cv_ld_reload_flag=-r
lt_cv_nm_interface='BSD nm'
lt_cv_objdir=.libs
lt_cv_path_LD=/usr/bin/ld
lt_cv_path_LDCXX='/usr/bin/ld -m elf_x86_64'
lt_cv_path_NM='/usr/bin/nm -B'
lt_cv_path_mainfest_tool=no
lt_cv_prog_compiler_c_o=yes
lt_cv_prog_compiler_c_o_CXX=yes
lt_cv_prog_compiler_pic='-fPIC -DPIC'
lt_cv_prog_compiler_pic_CXX='-fPIC -DPIC'
lt_cv_prog_compiler_pic_works=yes
lt_cv_prog_compiler_pic_works_CXX=yes
lt_cv_prog_compiler_rtti_exceptions=no
lt_cv_prog_compiler_static_works=yes
lt_cv_prog_compiler_static_works_CXX=yes
lt_cv_prog_gnu_ld=yes
lt_cv_prog_gnu_ldcxx=yes
lt_cv_sharedlib_from_linklib_cmd='printf %s\n'
lt_cv_shlibpath_overrides_runpath=yes
lt_cv_sys_global_symbol_pipe='sed -n -e '\''s/^.*[	 ]\([ABCDGIRSTW][ABCDGIRSTW]*\)[	 ][	 ]*\([_A-Za-z][_A-Za-z0-9]*\)$/\1 \2 \2/p'\'' | sed '\''/ __gnu_lto/d'\'''
lt_cv_sys_global_symbol_to_c_name_address='sed -n -e '\''s/^: \(.*\) .*$/  {"\1", (void *) 0},/p'\'' -e '\''s/^[ABCDGIRSTW][ABCDGIRSTW]* .* \(.*\)$/  {"\1", (void *) \&\1},/p'\'''
lt_cv_sys_global_symbol_to_c_name_address_lib_prefix='sed -n -e '\''s/^: \(.*\) .*$/  {"\1", (void *) 0},/p'\'' -e '\''s/^[ABCDGIRSTW][ABCDGIRSTW]* .* \(lib.*\)$/  {"\1", (void *) \&\1},/p'\'' -e '\''s/^[ABCDGIRSTW][ABCDGIRSTW]* .* \(.*\)$/  {"lib\1", (void *) \&\1},/p'\'''
lt_cv_sys_global_symbol_to_cdecl='sed -n -e '\''s/^T .* \(.*\)$/extern int \1();/p'\'' -e '\''s/^[ABCDGIRSTW][ABCDGIRSTW]* .* \(.*\)$/extern char \1;/p'\'''
lt_cv_sys_global_symbol_to_import=
lt_cv_sys_max_cmd_len=1572864
lt_cv_to_host_file_cmd=func_convert_file_noop
lt_cv_to_tool_file_cmd=func_convert_file_noop
lt_cv_truncate_bin='/bin/dd bs=4096 count=1'

## ----------------- ##
## Output variables. ##
## ----------------- ##

ACLOCAL='${SHELL} /home/severin/git/rtree_with_lib/builded/libspatialindex/missing aclocal-1.15'
AMDEPBACKSLASH='\'
AMDEP_FALSE='#'
AMDEP_TRUE=''
AMTAR='$${TAR-tar}'
AM_BACKSLASH='\'
AM_DEFAULT_V='$(AM_DEFAULT_VERBOSITY)'
AM_DEFAULT_VERBOSITY='1'
AM_V='$(V)'
AR='ar'
AUTOCONF='${SHELL} /home/severin/git/rtree_with_lib/builded/libspatialindex/missing autoconf'
AUTOHEADER='${SHELL} /home/severin/git/rtree_with_lib/builded/libspatialindex/missing autoheader'
AUTOMAKE='${SHELL} /home/severin/git/rtree_with_lib/builded/libspatialindex/missing automake-1.15'
AWK='mawk'
CC='gcc'
CCDEPMODE='depmode=gcc3'
CFLAGS='-Wall -Wno-long-long -pedantic '
CPP='gcc -E'
CPPFLAGS=''
CXX='g++'
CXXCPP='g++ -E'
CXXDEPMODE='depmode=gcc3'
CXXFLAGS='-Wall -Wno-long-long -pedantic -std=c++11  -DNDEBUG'
CYGPATH_W='echo'
DEFS='-DPACKAGE_NAME=\"spatialindex\" -DPACKAGE_TARNAME=\"spatialindex-src\" -DPACKAGE_VERSION=\"1.9.0\" -DPACKAGE_STRING=\"spatialindex\ 1.9.0\" -DPACKAGE_BUGREPORT=\"mhadji@gmail.com\" -DPACKAGE_URL=\"\" -DSTDC_HEADERS=1 -DHAVE_SYS_TYPES_H=1 -DHAVE_SYS_STAT_H=1 -DHAVE_STDLIB_H=1 -DHAVE_STRING_H=1 -DHAVE_MEMORY_H=1 -DHAVE_STRINGS_H=1 -DHAVE_INTTYPES_H=1 -DHAVE_STDINT_H=1 -DHAVE_UNISTD_H=1 -DHAVE_DLFCN_H=1 -DLT_OBJDIR=\".libs/\" -DPACKAGE=\"spatialindex-src\" -DVERSION=\"1.9.0\" -DHAVE_FCNTL_H=1 -DHAVE_UNISTD_H=1 -DHAVE_SYS_TYPES_H=1 -DHAVE_SYS_STAT_H=1 -DHAVE_SYS_RESOURCE_H=1 -DHAVE_SYS_TIME_H=1 -DHAVE_STDINT_H=1 -DHAVE_FEATURES_H=1 -DHAVE_GETTIMEOFDAY=1 -DHAVE_MEMSET=1 -DHAVE_MEMCPY=1 -DHAVE_BCOPY=1 -DHAVE_SRAND48=1'
DEPDIR='.deps'
DLLTOOL='false'
DSYMUTIL=''
DUMPBIN=''
ECHO_C=''
ECHO_N='-n'
ECHO_T=''
EGREP='/bin/grep -E'
EXEEXT=''
FGREP='/bin/grep -F'
GREP='/bin/grep'
INSTALL_DATA='${INSTALL} -m 644'
INSTALL_PROGRAM='${INSTALL}'
INSTALL_SCRIPT='${INSTALL}'
INSTALL_STRIP_PROGRAM='$(install_sh) -c -s'
LD='/usr/bin/ld -m elf_x86_64'
LDFLAGS=''
LIBOBJS=''
LIBS=''
LIBTOOL='$(SHELL) $(top_builddir)/libtool'
LIPO=''
LN_S='ln -s'
LTLIBOBJS=''
LT_SYS_LIBRARY_PATH=''
MAKEINFO='${SHELL} /home/severin/git/rtree_with_lib/builded/libspatialindex/missing makeinfo'
MANIFEST_TOOL=':'
MKDIR_P='/bin/mkdir -p'
NM='/usr/bin/nm -B'
NMEDIT=''
OBJDUMP='objdump'
OBJEXT='o'
OTOOL64=''
OTOOL=''
PACKAGE='spatialindex-src'
PACKAGE_BUGREPORT='mhadji@gmail.com'
PACKAGE_NAME='spatialindex'
PACKAGE_STRING='spatialindex 1.9.0'
PACKAGE_TARNAME='spatialindex-src'
PACKAGE_URL=''
PACKAGE_VERSION='1.9.0'
PATH_SEPARATOR=':'
RAND_IS_CONFIG_FALSE=''
RAND_IS_CONFIG_TRUE='#'
RANLIB='ranlib'
SED='/bin/sed'
SET_MAKE=''
SHELL='/bin/bash'
STRIP='strip'
VERSION='1.9.0'
ac_ct_AR='ar'
ac_ct_CC='gcc'
ac_ct_CXX='g++'
ac_ct_DUMPBIN=''
am__EXEEXT_FALSE=''
am__EXEEXT_TRUE='#'
am__fastdepCC_FALSE='#'
am__fastdepCC_TRUE=''
am__fastdepCXX_FALSE='#'
am__fastdepCXX_TRUE=''
am__include='include'
am__isrc=''
am__leading_dot='.'
am__nodep='_no'
am__quote=''
am__tar='$${TAR-tar} chof - "$$tardir"'
am__untar='$${TAR-tar} xf -'
bindir='${exec_prefix}/bin'
build='x86_64-pc-linux-gnu'
build_alias=''
build_cpu='x86_64'
build_os='linux-gnu'
build_vendor='pc'
datadir='${datarootdir}'
datarootdir='${prefix}/share'
docdir='${datarootdir}/doc/${PACKAGE_TARNAME}'
dvidir='${docdir}'
exec_prefix='${prefix}'
host='x86_64-pc-linux-gnu'
host_alias=''
host_cpu='x86_64'
host_os='linux-gnu'
host_vendor='pc'
htmldir='${docdir}'
includedir='${prefix}/include'
infodir='${datarootdir}/info'
install_sh='${SHELL} /home/severin/git/rtree_with_lib/builded/libspatialindex/install-sh'
libdir='${exec_prefix}/lib'
libexecdir='${exec_prefix}/libexec'
localedir='${datarootdir}/locale'
localstatedir='${prefix}/var'
mandir='${datarootdir}/man'
mkdir_p='$(MKDIR_P)'
oldincludedir='/usr/include'
pdfdir='${docdir}'
prefix='/usr/local'
program_transform_name='s,x,x,'
psdir='${docdir}'
runstatedir='${localstatedir}/run'
sbindir='${exec_prefix}/sbin'
sharedstatedir='${prefix}/com'
subdirs=' test/gtest/gtest-1.7.0/'
sysconfdir='${prefix}/etc'
target_alias=''

## ----------- ##
## confdefs.h. ##
## ----------- ##

/* confdefs.h */
#define PACKAGE_NAME "spatialindex"
#define PACKAGE_TARNAME "spatialindex-src"
#define PACKAGE_VERSION "1.9.0"
#define PACKAGE_STRING "spatialindex 1.9.0"
#define PACKAGE_BUGREPORT "mhadji@gmail.com"
#define PACKAGE_URL ""
#define STDC_HEADERS 1
#define HAVE_SYS_TYPES_H 1
#define HAVE_SYS_STAT_H 1
#define HAVE_STDLIB_H 1
#define HAVE_STRING_H 1
#define HAVE_MEMORY_H 1
#define HAVE_STRINGS_H 1
#define HAVE_INTTYPES_H 1
#define HAVE_STDINT_H 1
#define HAVE_UNISTD_H 1
#define HAVE_DLFCN_H 1
#define LT_OBJDIR ".libs/"
#define PACKAGE "spatialindex-src"
#define VERSION "1.9.0"
#define HAVE_FCNTL_H 1
#define HAVE_UNISTD_H 1
#define HAVE_SYS_TYPES_H 1
#define HAVE_SYS_STAT_H 1
#define HAVE_SYS_RESOURCE_H 1
#define HAVE_SYS_TIME_H 1
#define HAVE_STDINT_H 1
#define HAVE_FEATURES_H 1
#define HAVE_GETTIMEOFDAY 1
#define HAVE_MEMSET 1
#define HAVE_MEMCPY 1
#define HAVE_BCOPY 1
#define HAVE_SRAND48 1

configure: exit 0
